<?xml version="1.0" encoding="UTF-8"?>
<testng-results ignored="0" total="2" passed="2" failed="0" skipped="0">
  <reporter-output>
  </reporter-output>
  <suite started-at="2025-08-04T13:33:42 IST" name="ECommerceTestSuite" finished-at="2025-08-04T13:34:19 IST" duration-ms="37353">
    <groups>
    </groups>
    <test started-at="2025-08-04T13:33:42 IST" name="ECommerceTests" finished-at="2025-08-04T13:34:19 IST" duration-ms="37353">
      <class name="tests.CartTest">
        <test-method is-config="true" signature="setup()[pri:0, instance:tests.CartTest@682b2fa]" started-at="2025-08-04T13:33:57 IST" name="setup" finished-at="2025-08-04T13:34:01 IST" duration-ms="3659" status="PASS">
          <reporter-output>
          </reporter-output>
        </test-method> <!-- setup -->
        <test-method signature="testAddToCart()[pri:0, instance:tests.CartTest@682b2fa]" started-at="2025-08-04T13:34:01 IST" name="testAddToCart" finished-at="2025-08-04T13:34:17 IST" duration-ms="15780" status="PASS">
          <reporter-output>
          </reporter-output>
        </test-method> <!-- testAddToCart -->
        <test-method is-config="true" signature="tearDown()[pri:0, instance:tests.CartTest@682b2fa]" started-at="2025-08-04T13:34:17 IST" name="tearDown" finished-at="2025-08-04T13:34:19 IST" duration-ms="2342" status="PASS">
          <reporter-output>
          </reporter-output>
        </test-method> <!-- tearDown -->
      </class> <!-- tests.CartTest -->
      <class name="tests.SearchTest">
        <test-method is-config="true" signature="setup()[pri:0, instance:tests.SearchTest@6771beb3]" started-at="2025-08-04T13:33:42 IST" name="setup" finished-at="2025-08-04T13:33:48 IST" duration-ms="5766" status="PASS">
          <reporter-output>
          </reporter-output>
        </test-method> <!-- setup -->
        <test-method signature="testSearchProduct()[pri:0, instance:tests.SearchTest@6771beb3]" started-at="2025-08-04T13:33:48 IST" name="testSearchProduct" finished-at="2025-08-04T13:33:54 IST" duration-ms="6357" status="PASS">
          <reporter-output>
          </reporter-output>
        </test-method> <!-- testSearchProduct -->
        <test-method is-config="true" signature="tearDown()[pri:0, instance:tests.SearchTest@6771beb3]" started-at="2025-08-04T13:33:54 IST" name="tearDown" finished-at="2025-08-04T13:33:57 IST" duration-ms="3403" status="PASS">
          <reporter-output>
          </reporter-output>
        </test-method> <!-- tearDown -->
      </class> <!-- tests.SearchTest -->
    </test> <!-- ECommerceTests -->
  </suite> <!-- ECommerceTestSuite -->
</testng-results>
